{"/Users/fejirogospel/Documents/GitHub/iReporter-with-React/src/actions/actionTypes.js": {"path":"/Users/fejirogospel/Documents/GitHub/iReporter-with-React/src/actions/actionTypes.js","statementMap":{"0":{"start":{"line":1,"column":29},"end":{"line":1,"column":44}},"1":{"start":{"line":2,"column":29},"end":{"line":2,"column":44}},"2":{"start":{"line":3,"column":23},"end":{"line":3,"column":32}},"3":{"start":{"line":4,"column":31},"end":{"line":4,"column":48}},"4":{"start":{"line":5,"column":31},"end":{"line":5,"column":48}},"5":{"start":{"line":6,"column":23},"end":{"line":6,"column":32}},"6":{"start":{"line":7,"column":32},"end":{"line":7,"column":50}},"7":{"start":{"line":8,"column":32},"end":{"line":8,"column":50}},"8":{"start":{"line":9,"column":36},"end":{"line":9,"column":54}},"9":{"start":{"line":10,"column":36},"end":{"line":10,"column":54}},"10":{"start":{"line":11,"column":28},"end":{"line":11,"column":42}},"11":{"start":{"line":12,"column":30},"end":{"line":12,"column":46}},"12":{"start":{"line":13,"column":30},"end":{"line":13,"column":46}},"13":{"start":{"line":14,"column":30},"end":{"line":14,"column":46}},"14":{"start":{"line":15,"column":38},"end":{"line":15,"column":62}},"15":{"start":{"line":16,"column":38},"end":{"line":16,"column":62}},"16":{"start":{"line":17,"column":38},"end":{"line":17,"column":62}},"17":{"start":{"line":18,"column":38},"end":{"line":18,"column":62}},"18":{"start":{"line":19,"column":38},"end":{"line":19,"column":62}},"19":{"start":{"line":20,"column":38},"end":{"line":20,"column":62}}},"fnMap":{},"branchMap":{},"s":{"0":15,"1":15,"2":15,"3":15,"4":15,"5":15,"6":15,"7":15,"8":15,"9":15,"10":15,"11":15,"12":15,"13":15,"14":15,"15":15,"16":15,"17":15,"18":15,"19":15},"f":{},"b":{},"_coverageSchema":"43e27e138ebf9cfc5966b082cf9a028302ed4184","hash":"ffca3b3ffdf7ccd9d51b192ab62c7e68b60d7efa"}
,"/Users/fejirogospel/Documents/GitHub/iReporter-with-React/src/actions/auth.js": {"path":"/Users/fejirogospel/Documents/GitHub/iReporter-with-React/src/actions/auth.js","statementMap":{"0":{"start":{"line":6,"column":15},"end":{"line":6,"column":52}},"1":{"start":{"line":9,"column":26},"end":{"line":27,"column":1}},"2":{"start":{"line":10,"column":2},"end":{"line":26,"column":4}},"3":{"start":{"line":11,"column":4},"end":{"line":25,"column":5}},"4":{"start":{"line":12,"column":23},"end":{"line":12,"column":88}},"5":{"start":{"line":13,"column":6},"end":{"line":13,"column":48}},"6":{"start":{"line":14,"column":6},"end":{"line":17,"column":9}},"7":{"start":{"line":18,"column":6},"end":{"line":18,"column":18}},"8":{"start":{"line":20,"column":6},"end":{"line":23,"column":9}},"9":{"start":{"line":24,"column":6},"end":{"line":24,"column":33}},"10":{"start":{"line":29,"column":25},"end":{"line":47,"column":1}},"11":{"start":{"line":30,"column":2},"end":{"line":46,"column":4}},"12":{"start":{"line":31,"column":4},"end":{"line":45,"column":5}},"13":{"start":{"line":32,"column":23},"end":{"line":32,"column":87}},"14":{"start":{"line":33,"column":6},"end":{"line":33,"column":48}},"15":{"start":{"line":34,"column":6},"end":{"line":37,"column":9}},"16":{"start":{"line":38,"column":6},"end":{"line":38,"column":18}},"17":{"start":{"line":40,"column":6},"end":{"line":43,"column":9}},"18":{"start":{"line":44,"column":6},"end":{"line":44,"column":33}},"19":{"start":{"line":49,"column":22},"end":{"line":54,"column":1}},"20":{"start":{"line":49,"column":28},"end":{"line":54,"column":1}},"21":{"start":{"line":50,"column":2},"end":{"line":50,"column":35}},"22":{"start":{"line":51,"column":2},"end":{"line":53,"column":5}}},"fnMap":{"0":{"name":"(anonymous_0)","decl":{"start":{"line":9,"column":26},"end":{"line":9,"column":27}},"loc":{"start":{"line":9,"column":38},"end":{"line":27,"column":1}},"line":9},"1":{"name":"(anonymous_1)","decl":{"start":{"line":10,"column":9},"end":{"line":10,"column":10}},"loc":{"start":{"line":10,"column":29},"end":{"line":26,"column":3}},"line":10},"2":{"name":"(anonymous_2)","decl":{"start":{"line":29,"column":25},"end":{"line":29,"column":26}},"loc":{"start":{"line":29,"column":37},"end":{"line":47,"column":1}},"line":29},"3":{"name":"(anonymous_3)","decl":{"start":{"line":30,"column":9},"end":{"line":30,"column":10}},"loc":{"start":{"line":30,"column":29},"end":{"line":46,"column":3}},"line":30},"4":{"name":"(anonymous_4)","decl":{"start":{"line":49,"column":22},"end":{"line":49,"column":23}},"loc":{"start":{"line":49,"column":28},"end":{"line":54,"column":1}},"line":49},"5":{"name":"(anonymous_5)","decl":{"start":{"line":49,"column":28},"end":{"line":49,"column":29}},"loc":{"start":{"line":49,"column":48},"end":{"line":54,"column":1}},"line":49}},"branchMap":{},"s":{"0":5,"1":5,"2":1,"3":1,"4":1,"5":0,"6":0,"7":0,"8":1,"9":1,"10":5,"11":2,"12":2,"13":2,"14":1,"15":1,"16":1,"17":1,"18":1,"19":5,"20":0,"21":0,"22":0},"f":{"0":1,"1":1,"2":2,"3":2,"4":0,"5":0},"b":{},"_coverageSchema":"43e27e138ebf9cfc5966b082cf9a028302ed4184","hash":"7df390c633d0a4a27ecd5cff1f08df91b765af80"}
,"/Users/fejirogospel/Documents/GitHub/iReporter-with-React/src/actions/records.js": {"path":"/Users/fejirogospel/Documents/GitHub/iReporter-with-React/src/actions/records.js","statementMap":{"0":{"start":{"line":12,"column":15},"end":{"line":12,"column":52}},"1":{"start":{"line":15,"column":30},"end":{"line":37,"column":1}},"2":{"start":{"line":16,"column":2},"end":{"line":36,"column":4}},"3":{"start":{"line":17,"column":4},"end":{"line":35,"column":5}},"4":{"start":{"line":18,"column":20},"end":{"line":18,"column":49}},"5":{"start":{"line":19,"column":23},"end":{"line":23,"column":10}},"6":{"start":{"line":24,"column":6},"end":{"line":27,"column":9}},"7":{"start":{"line":28,"column":6},"end":{"line":28,"column":18}},"8":{"start":{"line":30,"column":6},"end":{"line":33,"column":9}},"9":{"start":{"line":34,"column":6},"end":{"line":34,"column":33}},"10":{"start":{"line":39,"column":36},"end":{"line":61,"column":1}},"11":{"start":{"line":40,"column":2},"end":{"line":60,"column":4}},"12":{"start":{"line":41,"column":4},"end":{"line":59,"column":5}},"13":{"start":{"line":42,"column":20},"end":{"line":42,"column":49}},"14":{"start":{"line":43,"column":23},"end":{"line":47,"column":10}},"15":{"start":{"line":48,"column":6},"end":{"line":51,"column":9}},"16":{"start":{"line":52,"column":6},"end":{"line":52,"column":18}},"17":{"start":{"line":54,"column":6},"end":{"line":57,"column":9}},"18":{"start":{"line":58,"column":6},"end":{"line":58,"column":33}},"19":{"start":{"line":64,"column":27},"end":{"line":100,"column":1}},"20":{"start":{"line":65,"column":29},"end":{"line":65,"column":35}},"21":{"start":{"line":66,"column":2},"end":{"line":99,"column":4}},"22":{"start":{"line":67,"column":4},"end":{"line":70,"column":7}},"23":{"start":{"line":71,"column":4},"end":{"line":98,"column":5}},"24":{"start":{"line":72,"column":20},"end":{"line":72,"column":49}},"25":{"start":{"line":73,"column":33},"end":{"line":77,"column":10}},"26":{"start":{"line":79,"column":23},"end":{"line":79,"column":36}},"27":{"start":{"line":80,"column":24},"end":{"line":80,"column":46}},"28":{"start":{"line":81,"column":23},"end":{"line":81,"column":47}},"29":{"start":{"line":82,"column":24},"end":{"line":82,"column":48}},"30":{"start":{"line":83,"column":6},"end":{"line":90,"column":9}},"31":{"start":{"line":92,"column":6},"end":{"line":96,"column":9}},"32":{"start":{"line":97,"column":6},"end":{"line":97,"column":40}}},"fnMap":{"0":{"name":"(anonymous_0)","decl":{"start":{"line":15,"column":30},"end":{"line":15,"column":31}},"loc":{"start":{"line":15,"column":36},"end":{"line":37,"column":1}},"line":15},"1":{"name":"(anonymous_1)","decl":{"start":{"line":16,"column":9},"end":{"line":16,"column":10}},"loc":{"start":{"line":16,"column":29},"end":{"line":36,"column":3}},"line":16},"2":{"name":"(anonymous_2)","decl":{"start":{"line":39,"column":36},"end":{"line":39,"column":37}},"loc":{"start":{"line":39,"column":42},"end":{"line":61,"column":1}},"line":39},"3":{"name":"(anonymous_3)","decl":{"start":{"line":40,"column":9},"end":{"line":40,"column":10}},"loc":{"start":{"line":40,"column":29},"end":{"line":60,"column":3}},"line":40},"4":{"name":"(anonymous_4)","decl":{"start":{"line":64,"column":27},"end":{"line":64,"column":28}},"loc":{"start":{"line":64,"column":39},"end":{"line":100,"column":1}},"line":64},"5":{"name":"(anonymous_5)","decl":{"start":{"line":66,"column":9},"end":{"line":66,"column":10}},"loc":{"start":{"line":66,"column":29},"end":{"line":99,"column":3}},"line":66}},"branchMap":{},"s":{"0":3,"1":3,"2":1,"3":1,"4":1,"5":1,"6":0,"7":0,"8":1,"9":1,"10":3,"11":1,"12":1,"13":1,"14":1,"15":0,"16":0,"17":1,"18":1,"19":3,"20":1,"21":1,"22":1,"23":1,"24":1,"25":1,"26":0,"27":0,"28":0,"29":0,"30":0,"31":1,"32":1},"f":{"0":1,"1":1,"2":1,"3":1,"4":1,"5":1},"b":{},"_coverageSchema":"43e27e138ebf9cfc5966b082cf9a028302ed4184","hash":"7fe20093cfa4c05d98f18f5e82af497a64c4875e"}
,"/Users/fejirogospel/Documents/GitHub/iReporter-with-React/src/actions/report.js": {"path":"/Users/fejirogospel/Documents/GitHub/iReporter-with-React/src/actions/report.js","statementMap":{"0":{"start":{"line":4,"column":15},"end":{"line":4,"column":52}},"1":{"start":{"line":7,"column":30},"end":{"line":39,"column":1}},"2":{"start":{"line":8,"column":23},"end":{"line":8,"column":47}},"3":{"start":{"line":9,"column":2},"end":{"line":38,"column":4}},"4":{"start":{"line":10,"column":4},"end":{"line":14,"column":7}},"5":{"start":{"line":15,"column":4},"end":{"line":37,"column":5}},"6":{"start":{"line":16,"column":20},"end":{"line":16,"column":49}},"7":{"start":{"line":17,"column":23},"end":{"line":23,"column":7}},"8":{"start":{"line":24,"column":6},"end":{"line":28,"column":9}},"9":{"start":{"line":29,"column":6},"end":{"line":29,"column":84}},"10":{"start":{"line":31,"column":6},"end":{"line":35,"column":9}},"11":{"start":{"line":36,"column":6},"end":{"line":36,"column":40}},"12":{"start":{"line":41,"column":28},"end":{"line":49,"column":1}},"13":{"start":{"line":42,"column":2},"end":{"line":48,"column":4}},"14":{"start":{"line":43,"column":4},"end":{"line":47,"column":7}}},"fnMap":{"0":{"name":"(anonymous_0)","decl":{"start":{"line":7,"column":30},"end":{"line":7,"column":31}},"loc":{"start":{"line":7,"column":54},"end":{"line":39,"column":1}},"line":7},"1":{"name":"(anonymous_1)","decl":{"start":{"line":9,"column":9},"end":{"line":9,"column":10}},"loc":{"start":{"line":9,"column":29},"end":{"line":38,"column":3}},"line":9},"2":{"name":"(anonymous_2)","decl":{"start":{"line":41,"column":28},"end":{"line":41,"column":29}},"loc":{"start":{"line":41,"column":53},"end":{"line":49,"column":1}},"line":41},"3":{"name":"(anonymous_3)","decl":{"start":{"line":42,"column":9},"end":{"line":42,"column":10}},"loc":{"start":{"line":42,"column":23},"end":{"line":48,"column":3}},"line":42}},"branchMap":{},"s":{"0":2,"1":2,"2":1,"3":1,"4":1,"5":1,"6":1,"7":1,"8":0,"9":0,"10":1,"11":1,"12":2,"13":0,"14":0},"f":{"0":1,"1":1,"2":0,"3":0},"b":{},"_coverageSchema":"43e27e138ebf9cfc5966b082cf9a028302ed4184","hash":"9cb699ff6a915dd2e876dd27c2a0172585780d76"}
,"/Users/fejirogospel/Documents/GitHub/iReporter-with-React/src/actions/toast.js": {"path":"/Users/fejirogospel/Documents/GitHub/iReporter-with-React/src/actions/toast.js","statementMap":{"0":{"start":{"line":4,"column":28},"end":{"line":9,"column":1}},"1":{"start":{"line":4,"column":39},"end":{"line":9,"column":1}},"2":{"start":{"line":5,"column":2},"end":{"line":7,"column":5}},"3":{"start":{"line":8,"column":2},"end":{"line":8,"column":25}},"4":{"start":{"line":11,"column":28},"end":{"line":16,"column":1}},"5":{"start":{"line":11,"column":39},"end":{"line":16,"column":1}},"6":{"start":{"line":12,"column":2},"end":{"line":14,"column":5}},"7":{"start":{"line":15,"column":2},"end":{"line":15,"column":23}}},"fnMap":{"0":{"name":"(anonymous_0)","decl":{"start":{"line":4,"column":28},"end":{"line":4,"column":29}},"loc":{"start":{"line":4,"column":39},"end":{"line":9,"column":1}},"line":4},"1":{"name":"(anonymous_1)","decl":{"start":{"line":4,"column":39},"end":{"line":4,"column":40}},"loc":{"start":{"line":4,"column":53},"end":{"line":9,"column":1}},"line":4},"2":{"name":"(anonymous_2)","decl":{"start":{"line":11,"column":28},"end":{"line":11,"column":29}},"loc":{"start":{"line":11,"column":39},"end":{"line":16,"column":1}},"line":11},"3":{"name":"(anonymous_3)","decl":{"start":{"line":11,"column":39},"end":{"line":11,"column":40}},"loc":{"start":{"line":11,"column":53},"end":{"line":16,"column":1}},"line":11}},"branchMap":{},"s":{"0":3,"1":0,"2":0,"3":0,"4":3,"5":0,"6":0,"7":0},"f":{"0":0,"1":0,"2":0,"3":0},"b":{},"_coverageSchema":"43e27e138ebf9cfc5966b082cf9a028302ed4184","hash":"9318a08f0252c04e9822ba5dd565649a5e5a46a9"}
,"/Users/fejirogospel/Documents/GitHub/iReporter-with-React/src/actions/updateRecord.js": {"path":"/Users/fejirogospel/Documents/GitHub/iReporter-with-React/src/actions/updateRecord.js","statementMap":{"0":{"start":{"line":8,"column":15},"end":{"line":8,"column":52}},"1":{"start":{"line":10,"column":35},"end":{"line":42,"column":1}},"2":{"start":{"line":11,"column":29},"end":{"line":11,"column":35}},"3":{"start":{"line":12,"column":2},"end":{"line":41,"column":4}},"4":{"start":{"line":13,"column":4},"end":{"line":16,"column":7}},"5":{"start":{"line":17,"column":4},"end":{"line":40,"column":5}},"6":{"start":{"line":18,"column":20},"end":{"line":18,"column":49}},"7":{"start":{"line":19,"column":33},"end":{"line":24,"column":10}},"8":{"start":{"line":25,"column":6},"end":{"line":30,"column":9}},"9":{"start":{"line":31,"column":6},"end":{"line":31,"column":31}},"10":{"start":{"line":33,"column":6},"end":{"line":37,"column":9}},"11":{"start":{"line":38,"column":6},"end":{"line":38,"column":41}},"12":{"start":{"line":39,"column":6},"end":{"line":39,"column":40}}},"fnMap":{"0":{"name":"(anonymous_0)","decl":{"start":{"line":10,"column":35},"end":{"line":10,"column":36}},"loc":{"start":{"line":10,"column":57},"end":{"line":42,"column":1}},"line":10},"1":{"name":"(anonymous_1)","decl":{"start":{"line":12,"column":9},"end":{"line":12,"column":10}},"loc":{"start":{"line":12,"column":29},"end":{"line":41,"column":3}},"line":12}},"branchMap":{},"s":{"0":2,"1":2,"2":1,"3":1,"4":1,"5":1,"6":1,"7":1,"8":0,"9":0,"10":1,"11":1,"12":1},"f":{"0":1,"1":1},"b":{},"_coverageSchema":"43e27e138ebf9cfc5966b082cf9a028302ed4184","hash":"4e9aed86b9136db545a90880b4e120c6546d6ba4"}
}
