TN:
SF:/Users/fejirogospel/Documents/GitHub/iReporter-with-React/src/actions/actionTypes.js
FNF:0
FNH:0
DA:1,15
DA:2,15
DA:3,15
DA:4,15
DA:5,15
DA:6,15
DA:7,15
DA:8,15
DA:9,15
DA:10,15
DA:11,15
DA:12,15
DA:13,15
DA:14,15
DA:15,15
DA:16,15
DA:17,15
DA:18,15
DA:19,15
DA:20,15
LF:20
LH:20
BRF:0
BRH:0
end_of_record
TN:
SF:/Users/fejirogospel/Documents/GitHub/iReporter-with-React/src/actions/auth.js
FN:9,(anonymous_0)
FN:10,(anonymous_1)
FN:29,(anonymous_2)
FN:30,(anonymous_3)
FN:49,(anonymous_4)
FN:49,(anonymous_5)
FNF:6
FNH:4
FNDA:1,(anonymous_0)
FNDA:1,(anonymous_1)
FNDA:2,(anonymous_2)
FNDA:2,(anonymous_3)
FNDA:0,(anonymous_4)
FNDA:0,(anonymous_5)
DA:6,5
DA:9,5
DA:10,1
DA:11,1
DA:12,1
DA:13,0
DA:14,0
DA:18,0
DA:20,1
DA:24,1
DA:29,5
DA:30,2
DA:31,2
DA:32,2
DA:33,1
DA:34,1
DA:38,1
DA:40,1
DA:44,1
DA:49,5
DA:50,0
DA:51,0
LF:22
LH:17
BRF:0
BRH:0
end_of_record
TN:
SF:/Users/fejirogospel/Documents/GitHub/iReporter-with-React/src/actions/records.js
FN:15,(anonymous_0)
FN:16,(anonymous_1)
FN:39,(anonymous_2)
FN:40,(anonymous_3)
FN:64,(anonymous_4)
FN:66,(anonymous_5)
FNF:6
FNH:6
FNDA:1,(anonymous_0)
FNDA:1,(anonymous_1)
FNDA:1,(anonymous_2)
FNDA:1,(anonymous_3)
FNDA:1,(anonymous_4)
FNDA:1,(anonymous_5)
DA:12,3
DA:15,3
DA:16,1
DA:17,1
DA:18,1
DA:19,1
DA:24,0
DA:28,0
DA:30,1
DA:34,1
DA:39,3
DA:40,1
DA:41,1
DA:42,1
DA:43,1
DA:48,0
DA:52,0
DA:54,1
DA:58,1
DA:64,3
DA:65,1
DA:66,1
DA:67,1
DA:71,1
DA:72,1
DA:73,1
DA:79,0
DA:80,0
DA:81,0
DA:82,0
DA:83,0
DA:92,1
DA:97,1
LF:33
LH:24
BRF:0
BRH:0
end_of_record
TN:
SF:/Users/fejirogospel/Documents/GitHub/iReporter-with-React/src/actions/report.js
FN:7,(anonymous_0)
FN:9,(anonymous_1)
FN:41,(anonymous_2)
FN:42,(anonymous_3)
FNF:4
FNH:2
FNDA:1,(anonymous_0)
FNDA:1,(anonymous_1)
FNDA:0,(anonymous_2)
FNDA:0,(anonymous_3)
DA:4,2
DA:7,2
DA:8,1
DA:9,1
DA:10,1
DA:15,1
DA:16,1
DA:17,1
DA:24,0
DA:29,0
DA:31,1
DA:36,1
DA:41,2
DA:42,0
DA:43,0
LF:15
LH:11
BRF:0
BRH:0
end_of_record
TN:
SF:/Users/fejirogospel/Documents/GitHub/iReporter-with-React/src/actions/toast.js
FN:4,(anonymous_0)
FN:4,(anonymous_1)
FN:11,(anonymous_2)
FN:11,(anonymous_3)
FNF:4
FNH:0
FNDA:0,(anonymous_0)
FNDA:0,(anonymous_1)
FNDA:0,(anonymous_2)
FNDA:0,(anonymous_3)
DA:4,3
DA:5,0
DA:8,0
DA:11,3
DA:12,0
DA:15,0
LF:6
LH:2
BRF:0
BRH:0
end_of_record
TN:
SF:/Users/fejirogospel/Documents/GitHub/iReporter-with-React/src/actions/updateRecord.js
FN:10,(anonymous_0)
FN:12,(anonymous_1)
FNF:2
FNH:2
FNDA:1,(anonymous_0)
FNDA:1,(anonymous_1)
DA:8,2
DA:10,2
DA:11,1
DA:12,1
DA:13,1
DA:17,1
DA:18,1
DA:19,1
DA:25,0
DA:31,0
DA:33,1
DA:38,1
DA:39,1
LF:13
LH:11
BRF:0
BRH:0
end_of_record
