TN:
SF:/Users/fejirogospel/Documents/GitHub/iReporter-with-React/src/actions/actionTypes.js
FNF:0
FNH:0
DA:1,2
DA:2,2
DA:3,2
DA:4,2
DA:5,2
DA:6,2
DA:7,2
DA:8,2
DA:9,2
DA:10,2
DA:11,2
DA:12,2
DA:13,2
DA:14,2
DA:15,2
DA:16,2
DA:17,2
DA:18,2
DA:19,2
DA:20,2
LF:20
LH:20
BRF:0
BRH:0
end_of_record
TN:
SF:/Users/fejirogospel/Documents/GitHub/iReporter-with-React/src/actions/auth.js
FN:9,(anonymous_0)
FN:10,(anonymous_1)
FN:29,(anonymous_2)
FN:30,(anonymous_3)
FN:50,(anonymous_4)
FN:50,(anonymous_5)
FNF:6
FNH:4
FNDA:2,(anonymous_0)
FNDA:2,(anonymous_1)
FNDA:2,(anonymous_2)
FNDA:2,(anonymous_3)
FNDA:0,(anonymous_4)
FNDA:0,(anonymous_5)
DA:6,1
DA:9,1
DA:10,2
DA:11,2
DA:12,2
DA:13,0
DA:14,0
DA:18,0
DA:20,2
DA:24,2
DA:29,1
DA:30,2
DA:31,2
DA:32,2
DA:33,1
DA:34,1
DA:38,1
DA:40,1
DA:41,1
DA:45,1
DA:50,1
DA:51,0
DA:52,0
LF:23
LH:18
BRF:0
BRH:0
end_of_record
TN:
SF:/Users/fejirogospel/Documents/GitHub/iReporter-with-React/src/actions/records.js
FN:15,(anonymous_0)
FN:16,(anonymous_1)
FN:39,(anonymous_2)
FN:40,(anonymous_3)
FN:64,(anonymous_4)
FN:66,(anonymous_5)
FNF:6
FNH:6
FNDA:1,(anonymous_0)
FNDA:1,(anonymous_1)
FNDA:1,(anonymous_2)
FNDA:1,(anonymous_3)
FNDA:1,(anonymous_4)
FNDA:1,(anonymous_5)
DA:12,1
DA:15,1
DA:16,1
DA:17,1
DA:18,1
DA:19,1
DA:24,0
DA:28,0
DA:30,1
DA:34,1
DA:39,1
DA:40,1
DA:41,1
DA:42,1
DA:43,1
DA:48,0
DA:52,0
DA:54,1
DA:58,1
DA:64,1
DA:65,1
DA:66,1
DA:67,1
DA:71,1
DA:72,1
DA:73,1
DA:79,0
DA:80,0
DA:81,0
DA:82,0
DA:83,0
DA:92,1
DA:97,1
LF:33
LH:24
BRF:0
BRH:0
end_of_record
